0 info it worked if it ends with ok
1 verbose cli [ '/usr/bin/node', '/usr/bin/npm', 'run', 'PieChart' ]
2 info using npm@3.5.1
3 info using node@v5.1.1
4 verbose run-script [ 'prePieChart', 'PieChart', 'postPieChart' ]
5 info lifecycle react-d3js@0.0.1~prePieChart: react-d3js@0.0.1
6 silly lifecycle react-d3js@0.0.1~prePieChart: no script for prePieChart, continuing
7 info lifecycle react-d3js@0.0.1~PieChart: react-d3js@0.0.1
8 verbose lifecycle react-d3js@0.0.1~PieChart: unsafe-perm in lifecycle true
9 verbose lifecycle react-d3js@0.0.1~PieChart: PATH: /usr/lib/node_modules/npm/bin/node-gyp-bin:/home/gmr/theCaveOfTheDataScientist/react-d3js/node_modules/.bin:/usr/local/sbin:/usr/local/bin:/usr/bin:/usr/lib/jvm/default/bin:/usr/bin/site_perl:/usr/bin/vendor_perl:/usr/bin/core_perl
10 verbose lifecycle react-d3js@0.0.1~PieChart: CWD: /home/gmr/theCaveOfTheDataScientist/react-d3js
11 silly lifecycle react-d3js@0.0.1~PieChart: Args: [ '-c', 'webpack-dev-server examples/PieChart.jsx -p 9021' ]
12 silly lifecycle react-d3js@0.0.1~PieChart: Returned: code: 1  signal: null
13 info lifecycle react-d3js@0.0.1~PieChart: Failed to exec PieChart script
14 verbose stack Error: react-d3js@0.0.1 PieChart: `webpack-dev-server examples/PieChart.jsx -p 9021`
14 verbose stack Exit status 1
14 verbose stack     at EventEmitter.<anonymous> (/usr/lib/node_modules/npm/lib/utils/lifecycle.js:232:16)
14 verbose stack     at emitTwo (events.js:87:13)
14 verbose stack     at EventEmitter.emit (events.js:172:7)
14 verbose stack     at ChildProcess.<anonymous> (/usr/lib/node_modules/npm/lib/utils/spawn.js:24:14)
14 verbose stack     at emitTwo (events.js:87:13)
14 verbose stack     at ChildProcess.emit (events.js:172:7)
14 verbose stack     at maybeClose (internal/child_process.js:818:16)
14 verbose stack     at Process.ChildProcess._handle.onexit (internal/child_process.js:211:5)
15 verbose pkgid react-d3js@0.0.1
16 verbose cwd /home/gmr/theCaveOfTheDataScientist/react-d3js
17 error Linux 4.3.0-1-MANJARO
18 error argv "/usr/bin/node" "/usr/bin/npm" "run" "PieChart"
19 error node v5.1.1
20 error npm  v3.5.1
21 error code ELIFECYCLE
22 error react-d3js@0.0.1 PieChart: `webpack-dev-server examples/PieChart.jsx -p 9021`
22 error Exit status 1
23 error Failed at the react-d3js@0.0.1 PieChart script 'webpack-dev-server examples/PieChart.jsx -p 9021'.
23 error Make sure you have the latest version of node.js and npm installed.
23 error If you do, this is most likely a problem with the react-d3js package,
23 error not with npm itself.
23 error Tell the author that this fails on your system:
23 error     webpack-dev-server examples/PieChart.jsx -p 9021
23 error You can get information on how to open an issue for this project with:
23 error     npm bugs react-d3js
23 error Or if that isn't available, you can get their info via:
23 error     npm owner ls react-d3js
23 error There is likely additional logging output above.
24 verbose exit [ 1, true ]
